<?xml version="1.0" encoding="UTF-8"?>
<!-- Generated by org.testng.reporters.JUnitReportReporter -->
<testsuite skipped="0" hostname="DESKTOP-30U0P6A" name="LMSpackage.LMSTest1" tests="4" failures="0" timestamp="2020-08-27T09:50:54 IST" time="12.655" errors="0">
  <testcase name="verifyWebsiteTitle" time="0.023" classname="LMSpackage.LMSTest1"/>
  <system-out/>
  <testcase name="verifyWebsiteHeading" time="0.096" classname="LMSpackage.LMSTest1"/>
  <system-out/>
  <testcase name="verifyTitleSecondMostPopularCourse" time="0.085" classname="LMSpackage.LMSTest1"/>
  <system-out/>
  <testcase name="verifyTitleFirstInfoBox" time="12.451" classname="LMSpackage.LMSTest1"/>
  <system-out/>
</testsuite> <!-- LMSpackage.LMSTest1 -->
